<?xml version="1.1" encoding="UTF-8"?>
<testsuite name="GreeterTest" tests="1" failures="0" errors="0" timestamp="2017-11-06T08:36:21" hostname="matzy-Inspiron-N5110" time="0.001">
  <properties/>
  <testcase name="testThatGreeterReturnsTheCorrectGreeting" classname="GreeterTest" time="0.001"/>
  <system-out><![CDATA[]]></system-out>
  <system-err><![CDATA[]]></system-err>
</testsuite>
