<?xml version="1.1" encoding="UTF-8"?>
<testsuite name="TwoferTest" tests="4" failures="0" errors="0" timestamp="2017-11-06T08:59:54" hostname="matzy-Inspiron-N5110" time="0.002">
  <properties/>
  <testcase name="noNameGiven" classname="TwoferTest" time="0.001"/>
  <testcase name="emptyStringGiven" classname="TwoferTest" time="0.0"/>
  <testcase name="aNameGiven" classname="TwoferTest" time="0.0"/>
  <testcase name="anotherNameGiven" classname="TwoferTest" time="0.0"/>
  <system-out><![CDATA[]]></system-out>
  <system-err><![CDATA[]]></system-err>
</testsuite>
